# JRE version: Java(TM) SE Runtime Environment (8.0_231-b11) (build 1.8.0_231-b11)
# Java VM: Java HotSpot(TM) 64-Bit Server VM (25.231-b11 mixed mode windows-amd64 compressed oops)
Heap:
 PSYoungGen      total 37376K, used 33280K [0x00000000fd580000, 0x0000000100000000, 0x0000000100000000)
  eden space 33280K, 100% used [0x00000000fd580000,0x00000000ff600000,0x00000000ff600000)
  from space 4096K, 0% used [0x00000000ffc00000,0x00000000ffc00000,0x0000000100000000)
  to   space 5120K, 15% used [0x00000000ff600000,0x00000000ff6c0020,0x00000000ffb00000)
 ParOldGen       total 87552K, used 84414K [0x00000000f8000000, 0x00000000fd580000, 0x00000000fd580000)
  object space 87552K, 96% used [0x00000000f8000000,0x00000000fd26f9d8,0x00000000fd580000)
 Metaspace       used 95649K, capacity 100390K, committed 100608K, reserved 1136640K
  class space    used 12772K, capacity 13818K, committed 13824K, reserved 1048576K
GC Heap History (10 events):
Event: 173231.036 GC heap after
Heap after GC invocations=48119 (full 23971):
 PSYoungGen      total 37376K, used 33280K [0x00000000fd580000, 0x0000000100000000, 0x0000000100000000)
  eden space 33280K, 100% used [0x00000000fd580000,0x00000000ff600000,0x00000000ff600000)
  from space 4096K, 0% used [0x00000000ffc00000,0x00000000ffc00000,0x0000000100000000)
  to   space 5120K, 25% used [0x00000000ff600000,0x00000000ff748060,0x00000000ffb00000)
 ParOldGen       total 87552K, used 83965K [0x00000000f8000000, 0x00000000fd580000, 0x00000000fd580000)
  object space 87552K, 95% used [0x00000000f8000000,0x00000000fd1ff658,0x00000000fd580000)
 Metaspace       used 95649K, capacity 100390K, committed 100608K, reserved 1136640K
  class space    used 12772K, capacity 13818K, committed 13824K, reserved 1048576K
}
Event: 173231.036 GC heap before
{Heap before GC invocations=48120 (full 23972):
 PSYoungGen      total 37376K, used 33280K [0x00000000fd580000, 0x0000000100000000, 0x0000000100000000)
  eden space 33280K, 100% used [0x00000000fd580000,0x00000000ff600000,0x00000000ff600000)
  from space 4096K, 0% used [0x00000000ffc00000,0x00000000ffc00000,0x0000000100000000)
  to   space 5120K, 25% used [0x00000000ff600000,0x00000000ff748060,0x00000000ffb00000)
 ParOldGen       total 87552K, used 83965K [0x00000000f8000000, 0x00000000fd580000, 0x00000000fd580000)
  object space 87552K, 95% used [0x00000000f8000000,0x00000000fd1ff658,0x00000000fd580000)
 Metaspace       used 95649K, capacity 100390K, committed 100608K, reserved 1136640K
  class space    used 12772K, capacity 13818K, committed 13824K, reserved 1048576K
Event: 173231.127 GC heap after
Heap after GC invocations=48120 (full 23972):
 PSYoungGen      total 37376K, used 17426K [0x00000000fd580000, 0x0000000100000000, 0x0000000100000000)
  eden space 33280K, 52% used [0x00000000fd580000,0x00000000fe684b00,0x00000000ff600000)
  from space 4096K, 0% used [0x00000000ffc00000,0x00000000ffc00000,0x0000000100000000)
  to   space 5120K, 0% used [0x00000000ff600000,0x00000000ff600000,0x00000000ffb00000)
 ParOldGen       total 87552K, used 83922K [0x00000000f8000000, 0x00000000fd580000, 0x00000000fd580000)
  object space 87552K, 95% used [0x00000000f8000000,0x00000000fd1f4900,0x00000000fd580000)
 Metaspace       used 95649K, capacity 100390K, committed 100608K, reserved 1136640K
  class space    used 12772K, capacity 13818K, committed 13824K, reserved 1048576K
}
Event: 173237.840 GC heap before
{Heap before GC invocations=48121 (full 23972):
 PSYoungGen      total 37376K, used 33280K [0x00000000fd580000, 0x0000000100000000, 0x0000000100000000)
  eden space 33280K, 100% used [0x00000000fd580000,0x00000000ff600000,0x00000000ff600000)
  from space 4096K, 0% used [0x00000000ffc00000,0x00000000ffc00000,0x0000000100000000)
  to   space 5120K, 0% used [0x00000000ff600000,0x00000000ff600000,0x00000000ffb00000)
 ParOldGen       total 87552K, used 83922K [0x00000000f8000000, 0x00000000fd580000, 0x00000000fd580000)
  object space 87552K, 95% used [0x00000000f8000000,0x00000000fd1f4900,0x00000000fd580000)
 Metaspace       used 95649K, capacity 100390K, committed 100608K, reserved 1136640K
  class space    used 12772K, capacity 13818K, committed 13824K, reserved 1048576K
Event: 173237.850 GC heap after
Heap after GC invocations=48121 (full 23972):
 PSYoungGen      total 37376K, used 33280K [0x00000000fd580000, 0x0000000100000000, 0x0000000100000000)
  eden space 33280K, 100% used [0x00000000fd580000,0x00000000ff600000,0x00000000ff600000)
  from space 4096K, 0% used [0x00000000ffc00000,0x00000000ffc00000,0x0000000100000000)
  to   space 5120K, 11% used [0x00000000ff600000,0x00000000ff698000,0x00000000ffb00000)
 ParOldGen       total 87552K, used 84178K [0x00000000f8000000, 0x00000000fd580000, 0x00000000fd580000)
  object space 87552K, 96% used [0x00000000f8000000,0x00000000fd234940,0x00000000fd580000)
 Metaspace       used 95649K, capacity 100390K, committed 100608K, reserved 1136640K
  class space    used 12772K, capacity 13818K, committed 13824K, reserved 1048576K
}
Event: 173237.850 GC heap before
{Heap before GC invocations=48122 (full 23973):
 PSYoungGen      total 37376K, used 33280K [0x00000000fd580000, 0x0000000100000000, 0x0000000100000000)
  eden space 33280K, 100% used [0x00000000fd580000,0x00000000ff600000,0x00000000ff600000)
  from space 4096K, 0% used [0x00000000ffc00000,0x00000000ffc00000,0x0000000100000000)
  to   space 5120K, 11% used [0x00000000ff600000,0x00000000ff698000,0x00000000ffb00000)
 ParOldGen       total 87552K, used 84178K [0x00000000f8000000, 0x00000000fd580000, 0x00000000fd580000)
  object space 87552K, 96% used [0x00000000f8000000,0x00000000fd234940,0x00000000fd580000)
 Metaspace       used 95649K, capacity 100390K, committed 100608K, reserved 1136640K
  class space    used 12772K, capacity 13818K, committed 13824K, reserved 1048576K
Event: 173237.923 GC heap after
Heap after GC invocations=48122 (full 23973):
 PSYoungGen      total 37376K, used 16919K [0x00000000fd580000, 0x0000000100000000, 0x0000000100000000)
  eden space 33280K, 50% used [0x00000000fd580000,0x00000000fe605c10,0x00000000ff600000)
  from space 4096K, 0% used [0x00000000ffc00000,0x00000000ffc00000,0x0000000100000000)
  to   space 5120K, 0% used [0x00000000ff600000,0x00000000ff600000,0x00000000ffb00000)
 ParOldGen       total 87552K, used 84134K [0x00000000f8000000, 0x00000000fd580000, 0x00000000fd580000)
  object space 87552K, 96% used [0x00000000f8000000,0x00000000fd2299d8,0x00000000fd580000)
 Metaspace       used 95649K, capacity 100390K, committed 100608K, reserved 1136640K
  class space    used 12772K, capacity 13818K, committed 13824K, reserved 1048576K
}
Event: 173244.613 GC heap before
{Heap before GC invocations=48123 (full 23973):
 PSYoungGen      total 37376K, used 33280K [0x00000000fd580000, 0x0000000100000000, 0x0000000100000000)
  eden space 33280K, 100% used [0x00000000fd580000,0x00000000ff600000,0x00000000ff600000)
  from space 4096K, 0% used [0x00000000ffc00000,0x00000000ffc00000,0x0000000100000000)
  to   space 5120K, 0% used [0x00000000ff600000,0x00000000ff600000,0x00000000ffb00000)
 ParOldGen       total 87552K, used 84134K [0x00000000f8000000, 0x00000000fd580000, 0x00000000fd580000)
  object space 87552K, 96% used [0x00000000f8000000,0x00000000fd2299d8,0x00000000fd580000)
 Metaspace       used 95649K, capacity 100390K, committed 100608K, reserved 1136640K
  class space    used 12772K, capacity 13818K, committed 13824K, reserved 1048576K
Event: 173244.623 GC heap after
Heap after GC invocations=48123 (full 23973):
 PSYoungGen      total 37376K, used 33280K [0x00000000fd580000, 0x0000000100000000, 0x0000000100000000)
  eden space 33280K, 100% used [0x00000000fd580000,0x00000000ff600000,0x00000000ff600000)
  from space 4096K, 0% used [0x00000000ffc00000,0x00000000ffc00000,0x0000000100000000)
  to   space 5120K, 15% used [0x00000000ff600000,0x00000000ff6c0020,0x00000000ffb00000)
 ParOldGen       total 87552K, used 84414K [0x00000000f8000000, 0x00000000fd580000, 0x00000000fd580000)
  object space 87552K, 96% used [0x00000000f8000000,0x00000000fd26f9d8,0x00000000fd580000)
 Metaspace       used 95649K, capacity 100390K, committed 100608K, reserved 1136640K
  class space    used 12772K, capacity 13818K, committed 13824K, reserved 1048576K
}
Event: 173244.623 GC heap before
{Heap before GC invocations=48124 (full 23974):
 PSYoungGen      total 37376K, used 33280K [0x00000000fd580000, 0x0000000100000000, 0x0000000100000000)
  eden space 33280K, 100% used [0x00000000fd580000,0x00000000ff600000,0x00000000ff600000)
  from space 4096K, 0% used [0x00000000ffc00000,0x00000000ffc00000,0x0000000100000000)
  to   space 5120K, 15% used [0x00000000ff600000,0x00000000ff6c0020,0x00000000ffb00000)
 ParOldGen       total 87552K, used 84414K [0x00000000f8000000, 0x00000000fd580000, 0x00000000fd580000)
  object space 87552K, 96% used [0x00000000f8000000,0x00000000fd26f9d8,0x00000000fd580000)
 Metaspace       used 95649K, capacity 100390K, committed 100608K, reserved 1136640K
  class space    used 12772K, capacity 13818K, committed 13824K, reserved 1048576K

