# JRE version: Java(TM) SE Runtime Environment (8.0_231-b11) (build 1.8.0_231-b11)
# Java VM: Java HotSpot(TM) 64-Bit Server VM (25.231-b11 mixed mode windows-amd64 compressed oops)
Heap:
 PSYoungGen      total 151040K, used 26509K [0x000000076af80000, 0x0000000775200000, 0x00000007c0000000)
  eden space 148992K, 16% used [0x000000076af80000,0x000000076c7d56c0,0x0000000774100000)
  from space 2048K, 77% used [0x0000000774400000,0x000000077458e080,0x0000000774600000)
  to   space 8704K, 0% used [0x0000000774980000,0x0000000774980000,0x0000000775200000)
 ParOldGen       total 720384K, used 490106K [0x00000006c0e00000, 0x00000006ecd80000, 0x000000076af80000)
  object space 720384K, 68% used [0x00000006c0e00000,0x00000006dec9ebb0,0x00000006ecd80000)
 Metaspace       used 95317K, capacity 100154K, committed 100352K, reserved 1136640K
  class space    used 12654K, capacity 13724K, committed 13824K, reserved 1048576K
GC Heap History (10 events):
Event: 60112.367 GC heap before
{Heap before GC invocations=79 (full 4):
 PSYoungGen      total 172032K, used 165981K [0x000000076af80000, 0x0000000776800000, 0x00000007c0000000)
  eden space 164352K, 100% used [0x000000076af80000,0x0000000775000000,0x0000000775000000)
  from space 7680K, 21% used [0x0000000776080000,0x0000000776217470,0x0000000776800000)
  to   space 12288K, 0% used [0x0000000775000000,0x0000000775000000,0x0000000775c00000)
 ParOldGen       total 720384K, used 489866K [0x00000006c0e00000, 0x00000006ecd80000, 0x000000076af80000)
  object space 720384K, 68% used [0x00000006c0e00000,0x00000006dec62bb0,0x00000006ecd80000)
 Metaspace       used 95313K, capacity 100154K, committed 100352K, reserved 1136640K
  class space    used 12653K, capacity 13724K, committed 13824K, reserved 1048576K
Event: 60112.376 GC heap after
Heap after GC invocations=79 (full 4):
 PSYoungGen      total 162816K, used 1144K [0x000000076af80000, 0x0000000776400000, 0x00000007c0000000)
  eden space 161280K, 0% used [0x000000076af80000,0x000000076af80000,0x0000000774d00000)
  from space 1536K, 74% used [0x0000000775000000,0x000000077511e080,0x0000000775180000)
  to   space 11776K, 0% used [0x0000000775880000,0x0000000775880000,0x0000000776400000)
 ParOldGen       total 720384K, used 489906K [0x00000006c0e00000, 0x00000006ecd80000, 0x000000076af80000)
  object space 720384K, 68% used [0x00000006c0e00000,0x00000006dec6cbb0,0x00000006ecd80000)
 Metaspace       used 95313K, capacity 100154K, committed 100352K, reserved 1136640K
  class space    used 12653K, capacity 13724K, committed 13824K, reserved 1048576K
}
Event: 60185.330 GC heap before
{Heap before GC invocations=80 (full 4):
 PSYoungGen      total 162816K, used 162424K [0x000000076af80000, 0x0000000776400000, 0x00000007c0000000)
  eden space 161280K, 100% used [0x000000076af80000,0x0000000774d00000,0x0000000774d00000)
  from space 1536K, 74% used [0x0000000775000000,0x000000077511e080,0x0000000775180000)
  to   space 11776K, 0% used [0x0000000775880000,0x0000000775880000,0x0000000776400000)
 ParOldGen       total 720384K, used 489906K [0x00000006c0e00000, 0x00000006ecd80000, 0x000000076af80000)
  object space 720384K, 68% used [0x00000006c0e00000,0x00000006dec6cbb0,0x00000006ecd80000)
 Metaspace       used 95313K, capacity 100154K, committed 100352K, reserved 1136640K
  class space    used 12653K, capacity 13724K, committed 13824K, reserved 1048576K
Event: 60185.337 GC heap after
Heap after GC invocations=80 (full 4):
 PSYoungGen      total 164864K, used 1336K [0x000000076af80000, 0x0000000775f00000, 0x00000007c0000000)
  eden space 158208K, 0% used [0x000000076af80000,0x000000076af80000,0x0000000774a00000)
  from space 6656K, 20% used [0x0000000775880000,0x00000007759ce080,0x0000000775f00000)
  to   space 10752K, 0% used [0x0000000774a00000,0x0000000774a00000,0x0000000775480000)
 ParOldGen       total 720384K, used 489954K [0x00000006c0e00000, 0x00000006ecd80000, 0x000000076af80000)
  object space 720384K, 68% used [0x00000006c0e00000,0x00000006dec78bb0,0x00000006ecd80000)
 Metaspace       used 95313K, capacity 100154K, committed 100352K, reserved 1136640K
  class space    used 12653K, capacity 13724K, committed 13824K, reserved 1048576K
}
Event: 60258.993 GC heap before
{Heap before GC invocations=81 (full 4):
 PSYoungGen      total 164864K, used 159544K [0x000000076af80000, 0x0000000775f00000, 0x00000007c0000000)
  eden space 158208K, 100% used [0x000000076af80000,0x0000000774a00000,0x0000000774a00000)
  from space 6656K, 20% used [0x0000000775880000,0x00000007759ce080,0x0000000775f00000)
  to   space 10752K, 0% used [0x0000000774a00000,0x0000000774a00000,0x0000000775480000)
 ParOldGen       total 720384K, used 489954K [0x00000006c0e00000, 0x00000006ecd80000, 0x000000076af80000)
  object space 720384K, 68% used [0x00000006c0e00000,0x00000006dec78bb0,0x00000006ecd80000)
 Metaspace       used 95313K, capacity 100154K, committed 100352K, reserved 1136640K
  class space    used 12653K, capacity 13724K, committed 13824K, reserved 1048576K
Event: 60258.998 GC heap after
Heap after GC invocations=81 (full 4):
 PSYoungGen      total 156672K, used 1336K [0x000000076af80000, 0x0000000775b00000, 0x00000007c0000000)
  eden space 155136K, 0% used [0x000000076af80000,0x000000076af80000,0x0000000774700000)
  from space 1536K, 86% used [0x0000000774a00000,0x0000000774b4e080,0x0000000774b80000)
  to   space 10240K, 0% used [0x0000000775100000,0x0000000775100000,0x0000000775b00000)
 ParOldGen       total 720384K, used 490018K [0x00000006c0e00000, 0x00000006ecd80000, 0x000000076af80000)
  object space 720384K, 68% used [0x00000006c0e00000,0x00000006dec88bb0,0x00000006ecd80000)
 Metaspace       used 95313K, capacity 100154K, committed 100352K, reserved 1136640K
  class space    used 12653K, capacity 13724K, committed 13824K, reserved 1048576K
}
Event: 60331.028 GC heap before
{Heap before GC invocations=82 (full 4):
 PSYoungGen      total 156672K, used 156472K [0x000000076af80000, 0x0000000775b00000, 0x00000007c0000000)
  eden space 155136K, 100% used [0x000000076af80000,0x0000000774700000,0x0000000774700000)
  from space 1536K, 86% used [0x0000000774a00000,0x0000000774b4e080,0x0000000774b80000)
  to   space 10240K, 0% used [0x0000000775100000,0x0000000775100000,0x0000000775b00000)
 ParOldGen       total 720384K, used 490018K [0x00000006c0e00000, 0x00000006ecd80000, 0x000000076af80000)
  object space 720384K, 68% used [0x00000006c0e00000,0x00000006dec88bb0,0x00000006ecd80000)
 Metaspace       used 95313K, capacity 100154K, committed 100352K, reserved 1136640K
  class space    used 12653K, capacity 13724K, committed 13824K, reserved 1048576K
Event: 60331.036 GC heap after
Heap after GC invocations=82 (full 4):
 PSYoungGen      total 158208K, used 1496K [0x000000076af80000, 0x0000000775700000, 0x00000007c0000000)
  eden space 152064K, 0% used [0x000000076af80000,0x000000076af80000,0x0000000774400000)
  from space 6144K, 24% used [0x0000000775100000,0x0000000775276080,0x0000000775700000)
  to   space 9728K, 0% used [0x0000000774400000,0x0000000774400000,0x0000000774d80000)
 ParOldGen       total 720384K, used 490058K [0x00000006c0e00000, 0x00000006ecd80000, 0x000000076af80000)
  object space 720384K, 68% used [0x00000006c0e00000,0x00000006dec92bb0,0x00000006ecd80000)
 Metaspace       used 95313K, capacity 100154K, committed 100352K, reserved 1136640K
  class space    used 12653K, capacity 13724K, committed 13824K, reserved 1048576K
}
Event: 60401.302 GC heap before
{Heap before GC invocations=83 (full 4):
 PSYoungGen      total 158208K, used 153560K [0x000000076af80000, 0x0000000775700000, 0x00000007c0000000)
  eden space 152064K, 100% used [0x000000076af80000,0x0000000774400000,0x0000000774400000)
  from space 6144K, 24% used [0x0000000775100000,0x0000000775276080,0x0000000775700000)
  to   space 9728K, 0% used [0x0000000774400000,0x0000000774400000,0x0000000774d80000)
 ParOldGen       total 720384K, used 490058K [0x00000006c0e00000, 0x00000006ecd80000, 0x000000076af80000)
  object space 720384K, 68% used [0x00000006c0e00000,0x00000006dec92bb0,0x00000006ecd80000)
 Metaspace       used 95313K, capacity 100154K, committed 100352K, reserved 1136640K
  class space    used 12653K, capacity 13724K, committed 13824K, reserved 1048576K
Event: 60401.309 GC heap after
Heap after GC invocations=83 (full 4):
 PSYoungGen      total 151040K, used 1592K [0x000000076af80000, 0x0000000775200000, 0x00000007c0000000)
  eden space 148992K, 0% used [0x000000076af80000,0x000000076af80000,0x0000000774100000)
  from space 2048K, 77% used [0x0000000774400000,0x000000077458e080,0x0000000774600000)
  to   space 8704K, 0% used [0x0000000774980000,0x0000000774980000,0x0000000775200000)
 ParOldGen       total 720384K, used 490106K [0x00000006c0e00000, 0x00000006ecd80000, 0x000000076af80000)
  object space 720384K, 68% used [0x00000006c0e00000,0x00000006dec9ebb0,0x00000006ecd80000)
 Metaspace       used 95313K, capacity 100154K, committed 100352K, reserved 1136640K
  class space    used 12653K, capacity 13724K, committed 13824K, reserved 1048576K
}

